<?xml version="1.0" encoding="UTF-8" standalone="yes"?>
<testsuites name="REST API Test Suite" time="7" tests="2" failures="0" errors="0">
    <testsuite name="REST API Test Suite" tests="2" failures="0" errors="0" time="7" timestamp="2019-10-11 22:12:19" hostname="BaPpY - 192.168.0.108" id="Test Suites/REST Suites/REST API Test Suite">
        <properties>
            <property name="deviceName" value=""/>
            <property name="devicePlatform" value=""/>
            <property name="logFolder" value="G:\\Katalon Studio\\Katalon Workspace\\Example Project For Api Services\\Reports\\20191011_221040\\REST Suites\\REST API Test Suite\\20191011_221040"/>
            <property name="logFiles" value="G:\\Katalon Studio\\Katalon Workspace\\Example Project For Api Services\\Reports\\20191011_221040\\REST Suites\\REST API Test Suite\\20191011_221040\\execution0.log"/>
            <property name="attachments" value=""/>
            <property name="hostName" value="BaPpY - 192.168.0.108"/>
            <property name="hostAddress" value="192.168.0.108"/>
            <property name="os" value="Windows 10 64bit"/>
            <property name="katalonVersion" value="6.3.3.11"/>
        </properties>
        <testcase name="Test Cases/User REST API Services/HTTP Methods Test Case" classname="Test Cases/User REST API Services/HTTP Methods Test Case" status="PASSED">
            <system-out>2019-10-11 22:12:19 - [TEST_CASE][PASSED] - Test Cases/User REST API Services/HTTP Methods Test Case: Test Cases/User REST API Services/HTTP Methods Test Case&#xD;
&#xD;
2019-10-11 22:12:19 - [TEST_STEP][PASSED] - sendRequestAndVerify(findTestObject("User REST API Service/List Users")): Send request and verify the response successfully&#xD;
&#xD;
2019-10-11 22:12:22 - [MESSAGE][INFO] - HAR: G:\Katalon Studio\Katalon Workspace\Example Project For Api Services\Reports\20191011_221040\REST Suites\REST API Test Suite\20191011_221040\requests\main\0.har&#xD;
&#xD;
2019-10-11 22:12:22 - [TEST_CASE][PASSED] - Start Test Case : Verification: Verification accomplished successfully&#xD;
&#xD;
2019-10-11 22:12:22 - [TEST_STEP][PASSED] - request = getInstance().getCurrentRequest(): null&#xD;
&#xD;
2019-10-11 22:12:22 - [TEST_STEP][PASSED] - response = getInstance().getCurrentResponse(): null&#xD;
&#xD;
2019-10-11 22:12:22 - [TEST_STEP][PASSED] - verifyResponseStatusCode(response, 200): Verify response status code successfully&#xD;
&#xD;
2019-10-11 22:12:22 - [MESSAGE][PASSED] - Verify response status code successfully&#xD;
&#xD;
2019-10-11 22:12:22 - [TEST_STEP][PASSED] - getStatusCode()).isEqualTo(200): null&#xD;
&#xD;
2019-10-11 22:12:22 - [TEST_STEP][PASSED] - verifyElementPropertyValue(response, "data[1].first_name", "Lindsay"): Verify element property value successfully&#xD;
&#xD;
2019-10-11 22:12:22 - [MESSAGE][PASSED] - Verify element property value successfully&#xD;
&#xD;
2019-10-11 22:12:22 - [MESSAGE][PASSED] - Verify response successfully&#xD;
&#xD;
2019-10-11 22:12:22 - [MESSAGE][PASSED] - Send request and verify the response successfully&#xD;
&#xD;
2019-10-11 22:12:22 - [TEST_STEP][PASSED] - sendRequestAndVerify(findTestObject("User REST API Service/Create User REST Request")): Send request and verify the response successfully&#xD;
&#xD;
2019-10-11 22:12:23 - [MESSAGE][INFO] - HAR: G:\Katalon Studio\Katalon Workspace\Example Project For Api Services\Reports\20191011_221040\REST Suites\REST API Test Suite\20191011_221040\requests\main\1.har&#xD;
&#xD;
2019-10-11 22:12:23 - [TEST_CASE][PASSED] - Start Test Case : Verification: Verification accomplished successfully&#xD;
&#xD;
2019-10-11 22:12:23 - [TEST_STEP][PASSED] - request = getInstance().getCurrentRequest(): null&#xD;
&#xD;
2019-10-11 22:12:23 - [TEST_STEP][PASSED] - response = getInstance().getCurrentResponse(): null&#xD;
&#xD;
2019-10-11 22:12:23 - [TEST_STEP][PASSED] - verifyResponseStatusCode(response, 201): Verify response status code successfully&#xD;
&#xD;
2019-10-11 22:12:23 - [MESSAGE][PASSED] - Verify response status code successfully&#xD;
&#xD;
2019-10-11 22:12:23 - [TEST_STEP][PASSED] - getStatusCode()).isEqualTo(201): null&#xD;
&#xD;
2019-10-11 22:12:23 - [MESSAGE][PASSED] - Verify response successfully&#xD;
&#xD;
2019-10-11 22:12:23 - [MESSAGE][PASSED] - Send request and verify the response successfully&#xD;
&#xD;
2019-10-11 22:12:23 - [TEST_STEP][PASSED] - sendRequestAndVerify(findTestObject("User REST API Service/Update User REST Request")): Send request and verify the response successfully&#xD;
&#xD;
2019-10-11 22:12:24 - [MESSAGE][INFO] - HAR: G:\Katalon Studio\Katalon Workspace\Example Project For Api Services\Reports\20191011_221040\REST Suites\REST API Test Suite\20191011_221040\requests\main\2.har&#xD;
&#xD;
2019-10-11 22:12:24 - [TEST_CASE][PASSED] - Start Test Case : Verification: Verification accomplished successfully&#xD;
&#xD;
2019-10-11 22:12:24 - [TEST_STEP][PASSED] - request = getInstance().getCurrentRequest(): null&#xD;
&#xD;
2019-10-11 22:12:24 - [TEST_STEP][PASSED] - response = getInstance().getCurrentResponse(): null&#xD;
&#xD;
2019-10-11 22:12:24 - [TEST_STEP][PASSED] - verifyResponseStatusCode(response, 200): Verify response status code successfully&#xD;
&#xD;
2019-10-11 22:12:24 - [MESSAGE][PASSED] - Verify response status code successfully&#xD;
&#xD;
2019-10-11 22:12:24 - [TEST_STEP][PASSED] - getStatusCode()).isEqualTo(200): null&#xD;
&#xD;
2019-10-11 22:12:24 - [MESSAGE][PASSED] - Verify response successfully&#xD;
&#xD;
2019-10-11 22:12:24 - [MESSAGE][PASSED] - Send request and verify the response successfully&#xD;
&#xD;
2019-10-11 22:12:24 - [TEST_STEP][PASSED] - sendRequestAndVerify(findTestObject("User REST API Service/Delete User REST Request")): Send request and verify the response successfully&#xD;
&#xD;
2019-10-11 22:12:25 - [MESSAGE][INFO] - HAR: G:\Katalon Studio\Katalon Workspace\Example Project For Api Services\Reports\20191011_221040\REST Suites\REST API Test Suite\20191011_221040\requests\main\3.har&#xD;
&#xD;
2019-10-11 22:12:25 - [TEST_CASE][PASSED] - Start Test Case : Verification: Verification accomplished successfully&#xD;
&#xD;
2019-10-11 22:12:25 - [TEST_STEP][PASSED] - request = getInstance().getCurrentRequest(): null&#xD;
&#xD;
2019-10-11 22:12:25 - [TEST_STEP][PASSED] - response = getInstance().getCurrentResponse(): null&#xD;
&#xD;
2019-10-11 22:12:25 - [TEST_STEP][PASSED] - verifyResponseStatusCode(response, 204): Verify response status code successfully&#xD;
&#xD;
2019-10-11 22:12:25 - [MESSAGE][PASSED] - Verify response status code successfully&#xD;
&#xD;
2019-10-11 22:12:25 - [TEST_STEP][PASSED] - getStatusCode()).isEqualTo(204): null&#xD;
&#xD;
2019-10-11 22:12:25 - [MESSAGE][PASSED] - Verify response successfully&#xD;
&#xD;
2019-10-11 22:12:25 - [MESSAGE][PASSED] - Send request and verify the response successfully</system-out>
            <system-err></system-err>
        </testcase>
        <testcase name="Test Cases/User REST API Services/List Users Test Case" classname="Test Cases/User REST API Services/List Users Test Case" status="PASSED">
            <system-out>2019-10-11 22:12:25 - [TEST_CASE][PASSED] - Test Cases/User REST API Services/List Users Test Case: Test Cases/User REST API Services/List Users Test Case&#xD;
&#xD;
2019-10-11 22:12:26 - [TEST_STEP][PASSED] - sendRequest(findTestObject("User REST API Service/List Users")): Send request successfully&#xD;
&#xD;
2019-10-11 22:12:26 - [MESSAGE][INFO] - HAR: G:\Katalon Studio\Katalon Workspace\Example Project For Api Services\Reports\20191011_221040\REST Suites\REST API Test Suite\20191011_221040\requests\main\4.har&#xD;
&#xD;
2019-10-11 22:12:26 - [MESSAGE][PASSED] - Send request successfully&#xD;
&#xD;
2019-10-11 22:12:26 - [TEST_STEP][PASSED] - users_list = sendRequestAndVerify(findTestObject("User REST API Service/List Users")): Send request and verify the response successfully&#xD;
&#xD;
2019-10-11 22:12:26 - [MESSAGE][INFO] - HAR: G:\Katalon Studio\Katalon Workspace\Example Project For Api Services\Reports\20191011_221040\REST Suites\REST API Test Suite\20191011_221040\requests\main\5.har&#xD;
&#xD;
2019-10-11 22:12:26 - [TEST_CASE][PASSED] - Start Test Case : Verification: Verification accomplished successfully&#xD;
&#xD;
2019-10-11 22:12:26 - [TEST_STEP][PASSED] - request = getInstance().getCurrentRequest(): null&#xD;
&#xD;
2019-10-11 22:12:26 - [TEST_STEP][PASSED] - response = getInstance().getCurrentResponse(): null&#xD;
&#xD;
2019-10-11 22:12:26 - [TEST_STEP][PASSED] - verifyResponseStatusCode(response, 200): Verify response status code successfully&#xD;
&#xD;
2019-10-11 22:12:26 - [MESSAGE][PASSED] - Verify response status code successfully&#xD;
&#xD;
2019-10-11 22:12:26 - [TEST_STEP][PASSED] - getStatusCode()).isEqualTo(200): null&#xD;
&#xD;
2019-10-11 22:12:26 - [TEST_STEP][PASSED] - verifyElementPropertyValue(response, "data[1].first_name", "Lindsay"): Verify element property value successfully&#xD;
&#xD;
2019-10-11 22:12:27 - [MESSAGE][PASSED] - Verify element property value successfully&#xD;
&#xD;
2019-10-11 22:12:27 - [MESSAGE][PASSED] - Verify response successfully&#xD;
&#xD;
2019-10-11 22:12:27 - [MESSAGE][PASSED] - Send request and verify the response successfully&#xD;
&#xD;
2019-10-11 22:12:27 - [TEST_STEP][PASSED] - verifyElementPropertyValue(users_list, "data[1].first_name", "Lindsay"): Verify element property value successfully&#xD;
&#xD;
2019-10-11 22:12:27 - [MESSAGE][PASSED] - Verify element property value successfully&#xD;
&#xD;
2019-10-11 22:12:27 - [TEST_STEP][PASSED] - verifyElementPropertyValue(users_list, "data[1].last_name", "Ferguson"): Verify element property value successfully&#xD;
&#xD;
2019-10-11 22:12:27 - [MESSAGE][PASSED] - Verify element property value successfully&#xD;
&#xD;
2019-10-11 22:12:27 - [TEST_STEP][PASSED] - verifyElementPropertyValue(users_list, "data[1].id", "8"): Verify element property value successfully&#xD;
&#xD;
2019-10-11 22:12:27 - [MESSAGE][PASSED] - Verify element property value successfully&#xD;
&#xD;
2019-10-11 22:12:27 - [TEST_STEP][PASSED] - verifyElementsCount(users_list, "data", 6): Verify element count successfully&#xD;
&#xD;
2019-10-11 22:12:27 - [MESSAGE][PASSED] - Verify element count successfully&#xD;
&#xD;
2019-10-11 22:12:27 - [TEST_STEP][PASSED] - verifyResponseStatusCodeInRange(users_list, 100, 200): Verify response status code successfully&#xD;
&#xD;
2019-10-11 22:12:27 - [MESSAGE][PASSED] - Verify response status code successfully&#xD;
&#xD;
2019-10-11 22:12:27 - [TEST_STEP][PASSED] - verifyResponseStatusCode(users_list, 200): Verify response status code successfully&#xD;
&#xD;
2019-10-11 22:12:27 - [MESSAGE][PASSED] - Verify response status code successfully</system-out>
            <system-err></system-err>
        </testcase>
        <system-out>2019-10-11 22:12:19 - [TEST_SUITE][INCOMPLETE] - REST API Test Suite: null</system-out>
        <system-err>2019-10-11 22:12:19 - [TEST_SUITE][INCOMPLETE] - REST API Test Suite: null</system-err>
    </testsuite>
</testsuites>
